0000001
0000002
0000003
0000004
0000005
0000006
0000007
0000008
0000009
0000010
0000011
0000012
0000013
0000014
0000015
0000016
0000017
0000018
0000019
0000020
0000021
0000022
0000023
0000024
0000025
0000026
0000027
0000028
0000029
0000030
0000031
0000032
0000033
0000034
0000035
0000036
0000037
0000038
0000039
0000040
0000041
0000042
0000043
0000044
0000045
0000046
0000047
0000048
0000049
0000050
0000051
0000052
0000053
0000054
0000055
0000056
0000057
0000058
0000059
0000060
0000061
0000062
0000063
0000064
0000065
0000066
0000067
0000068
0000069
0000070
0000071
0000072
0000073
0000074
0000075
0000076
0000077
0000078
0000079
0000080
0000081
0000082
0000083
0000084
0000085
0000086
0000087
0000088
0000089
0000090
0000091
0000092
0000093
0000094
0000095
0000096
0000097
0000098
0000099
0000100
0000101
0000102
0000103
0000104
0000105
0000106
0000107
0000108
0000109
0000110
0000111
0000112
0000113
0000114
0000115
0000116
0000117
0000118
0000119
0000120
0000121
0000122
0000123
0000124
0000125
0000126
0000127
0000128
0000129
0000130
0000131
0000132
0000133
0000134
0000135
0000136
0000137
0000138
0000139
0000140
0000141
0000142
0000143
0000144
0000145
0000146
0000147
0000148
0000149
0000150
0000151
0000152
0000153
0000154
0000155
0000156
0000157
0000158
0000159
0000160
0000161
0000162
0000163
0000164
0000165
0000166
0000167
0000168
0000169
0000170
0000171
0000172
0000173
0000174
0000175
0000176
0000177
0000178
0000179
0000180
0000181
0000182
0000183
0000184
0000185
0000186
0000187
0000188
0000189
0000190
0000191
0000192
0000193
0000194
0000195
0000196
0000197
0000198
0000199
0000200
0000201
0000202
0000203
0000204
0000205
0000206
0000207
0000208
0000209
0000210
0000211
0000212
0000213
0000214
0000215
0000216
0000217
0000218
0000219
0000220
0000221
0000222
0000223
0000224
0000225
0000226
0000227
0000228
0000229
0000230
0000231
0000232
0000233
0000234
0000235
0000236
0000237
0000238
0000239
0000240
0000241
0000242
0000243
0000244
0000245
0000246
0000247
0000248
0000249
0000250
0000251
0000252
0000253
0000254
0000255
0000256
0000257
0000258
0000259
0000260
0000261
0000262
0000263
0000264
0000265
0000266
0000267
0000268
0000269
0000270
0000271
0000272
0000273
0000274
0000275
0000276
0000277
0000278
0000279
0000280
0000281
0000282
0000283
0000284
0000285
0000286
0000287
0000288
0000289
0000290
0000291
0000292
0000293
0000294
0000295
0000296
0000297
0000298
0000299
0000300
0000301
0000302
0000303
0000304
0000305
0000306
0000307
0000308
0000309
0000310
0000311
0000312
0000313
0000314
0000315
0000316
0000317
0000318
0000319
0000320
0000321
0000322
0000323
0000324
0000325
0000326
0000327
0000328
0000329
0000330
0000331
0000332
0000333
0000334
0000335
0000336
0000337
0000338
0000339
0000340
0000341
0000342
0000343
0000344
0000345
0000346
0000347
0000348
0000349
0000350
0000351
0000352
0000353
0000354
0000355
0000356
0000357
0000358
0000359
0000360
0000361
0000362
0000363
0000364
0000365
0000366
0000367
0000368
0000369
0000370
0000371
0000372
0000373
0000374
0000375
0000376
0000377
0000378
0000379
0000380
0000381
0000382
0000383
0000384
0000385
0000386
0000387
0000388
0000389
0000390
0000391
0000392
0000393
0000394
0000395
0000396
0000397
0000398
0000399
0000400
0000401
0000402
0000403
0000404
0000405
0000406
0000407
0000408
0000409
0000410
0000411
0000412
0000413
0000414
0000415
0000416
0000417
0000418
0000419
0000420
0000421
0000422
0000423
0000424
0000425
0000426
0000427
0000428
0000429
0000430
0000431
0000432
0000433
0000434
0000435
0000436
0000437
0000438
0000439
0000440
0000441
0000442
0000443
0000444
0000445
0000446
0000447
0000448
0000449
0000450
0000451
0000452
0000453
0000454
0000455
0000456
0000457
0000458
0000459
0000460
0000461
0000462
0000463
0000464
0000465
0000466
0000467
0000468
0000469
0000470
0000471
0000472
0000473
0000474
0000475
0000476
0000477
0000478
0000479
0000480
0000481
0000482
0000483
0000484
0000485
0000486
0000487
0000488
0000489
0000490
0000491
0000492
0000493
0000494
0000495
0000496
0000497
0000498
0000499
0000500
0000501
0000502
0000503
0000504
0000505
0000506
0000507
0000508
0000509
0000510
0000511
0000512
0000513
0000514
0000515
0000516
0000517
0000518
0000519
0000520
0000521
0000522
0000523
0000524
0000525
0000526
0000527
0000528
0000529
0000530
0000531
0000532
0000533
0000534
0000535
0000536
0000537
0000538
0000539
0000540
0000541
0000542
0000543
0000544
0000545
0000546
0000547
0000548
0000549
0000550
0000551
0000552
0000553
0000554
0000555
0000556
0000557
0000558
0000559
0000560
0000561
0000562
0000563
0000564
0000565
0000566
0000567
0000568
0000569
0000570
0000571
0000572
0000573
0000574
0000575
0000576
0000577
0000578
0000579
0000580
0000581
0000582
0000583
0000584
0000585
0000586
0000587
0000588
0000589
0000590
0000591
0000592
0000593
0000594
0000595
0000596
0000597
0000598
0000599
0000600
0000601
0000602
0000603
0000604
0000605
0000606
0000607
0000608
0000609
0000610
0000611
0000612
0000613
0000614
0000615
0000616
0000617
0000618
0000619
0000620
0000621
0000622
0000623
0000624
0000625
0000626
0000627
0000628
0000629
0000630
0000631
0000632
0000633
0000634
0000635
0000636
0000637
0000638
0000639
0000640
0000641
0000642
0000643
0000644
0000645
0000646
0000647
0000648
0000649
0000650
0000651
0000652
0000653
0000654
0000655
0000656
0000657
0000658
0000659
0000660
0000661
0000662
0000663
0000664
0000665
0000666
0000667
0000668
0000669
0000670
0000671
0000672
0000673
0000674
0000675
0000676
0000677
0000678
0000679
0000680
0000681
0000682
0000683
0000684
0000685
0000686
0000687
0000688
0000689
0000690
0000691
0000692
0000693
0000694
0000695
0000696
0000697
0000698
0000699
0000700
0000701
0000702
0000703
0000704
0000705
0000706
0000707
0000708
0000709
0000710
0000711
0000712
0000713
0000714
0000715
0000716
0000717
0000718
0000719
0000720
0000721
0000722
0000723
0000724
0000725
0000726
0000727
0000728
0000729
0000730
0000731
0000732
0000733
0000734
0000735
0000736
0000737
0000738
0000739
0000740
0000741
0000742
0000743
0000744
0000745
0000746
0000747
0000748
0000749
0000750
0000751
0000752
0000753
0000754
0000755
0000756
0000757
0000758
0000759
0000760
0000761
0000762
0000763
0000764
0000765
0000766
0000767
0000768
0000769
0000770
0000771
0000772
0000773
0000774
0000775
0000776
0000777
0000778
0000779
0000780
0000781
0000782
0000783
0000784
0000785
0000786
0000787
0000788
0000789
0000790
0000791
0000792
0000793
0000794
0000795
0000796
0000797
0000798
0000799
0000800
0000801
0000802
0000803
0000804
0000805
0000806
0000807
0000808
0000809
0000810
0000811
0000812
0000813
0000814
0000815
0000816
0000817
0000818
0000819
0000820
0000821
0000822
0000823
0000824
0000825
0000826
0000827
0000828
0000829
0000830
0000831
0000832
0000833
0000834
0000835
0000836
0000837
0000838
0000839
0000840
0000841
0000842
0000843
0000844
0000845
0000846
0000847
0000848
0000849
0000850
0000851
0000852
0000853
0000854
0000855
0000856
0000857
0000858
0000859
0000860
0000861
0000862
0000863
0000864
0000865
0000866
0000867
0000868
0000869
0000870
0000871
0000872
0000873
0000874
0000875
0000876
0000877
0000878
0000879
0000880
0000881
0000882
0000883
0000884
0000885
0000886
0000887
0000888
0000889
0000890
0000891
0000892
0000893
0000894
0000895
0000896
0000897
0000898
0000899
0000900
0000901
0000902
0000903
0000904
0000905
0000906
0000907
0000908
0000909
0000910
0000911
0000912
0000913
0000914
0000915
0000916
0000917
0000918
0000919
0000920
0000921
0000922
0000923
0000924
0000925
0000926
0000927
0000928
0000929
0000930
0000931
0000932
0000933
0000934
0000935
0000936
0000937
0000938
0000939
0000940
0000941
0000942
0000943
0000944
0000945
0000946
0000947
0000948
0000949
0000950
0000951
0000952
0000953
0000954
0000955
0000956
0000957
0000958
0000959
0000960
0000961
0000962
0000963
0000964
0000965
0000966
0000967
0000968
0000969
0000970
0000971
0000972
0000973
0000974
0000975
0000976
0000977
0000978
0000979
0000980
0000981
0000982
0000983
0000984
0000985
0000986
0000987
0000988
0000989
0000990
0000991
0000992
0000993
0000994
0000995
0000996
0000997
0000998
0000999
0001000
0001001
0001002
0001003
0001004
0001005
0001006
0001007
0001008
0001009
0001010
0001011
0001012
0001013
0001014
0001015
0001016
0001017
0001018
0001019
0001020
0001021
0001022
0001023
0001024
0001025
0001026
0001027
0001028
0001029
0001030
0001031
0001032
0001033
0001034
0001035
0001036
0001037
0001038
0001039
0001040
0001041
0001042
0001043
0001044
0001045
0001046
0001047
0001048
0001049
0001050
0001051
0001052
0001053
0001054
0001055
0001056
0001057
0001058
0001059
0001060
0001061
0001062
0001063
0001064
0001065
0001066
0001067
0001068
0001069
0001070
0001071
0001072
0001073
0001074
0001075
0001076
0001077
0001078
0001079
0001080
0001081
0001082
0001083
0001084
0001085
0001086
0001087
0001088
0001089
0001090
0001091
0001092
0001093
0001094
0001095
0001096
0001097
0001098
0001099
0001100
0001101
0001102
0001103
0001104
0001105
0001106
0001107
0001108
0001109
0001110
0001111
0001112
0001113
0001114
0001115
0001116
0001117
0001118
0001119
0001120
0001121
0001122
0001123
0001124
0001125
0001126
0001127
0001128
0001129
0001130
0001131
0001132
0001133
0001134
0001135
0001136
0001137
0001138
0001139
0001140
0001141
0001142
0001143
0001144
0001145
0001146
0001147
0001148
0001149
0001150
0001151
0001152
0001153
0001154
0001155
0001156
0001157
0001158
0001159
0001160
0001161
0001162
0001163
0001164
0001165
0001166
0001167
0001168
0001169
0001170
0001171
0001172
0001173
0001174
0001175
0001176
0001177
0001178
0001179
0001180
0001181
0001182
0001183
0001184
0001185
0001186
0001187
0001188
0001189
0001190
0001191
0001192
0001193
0001194
0001195
0001196
0001197
0001198
0001199
0001200
0001201
0001202
0001203
0001204
0001205
0001206
0001207
0001208
0001209
0001210
0001211
0001212
0001213
0001214
0001215
0001216
0001217
0001218
0001219
0001220
0001221
0001222
0001223
0001224
0001225
0001226
0001227
0001228
0001229
0001230
0001231
0001232
0001233
0001234
0001235
0001236
0001237
0001238
0001239
0001240
0001241
0001242
0001243
0001244
0001245
0001246
0001247
0001248
0001249
0001250
0001251
0001252
0001253
0001254
0001255
0001256
0001257
0001258
0001259
0001260
0001261
0001262
0001263
0001264
0001265
0001266
0001267
0001268
0001269
0001270
0001271
0001272
0001273
0001274
0001275
0001276
0001277
0001278
0001279
0001280
0001281
0001282
0001283
0001284
0001285
0001286
0001287
0001288
0001289
0001290
0001291
0001292
0001293
0001294
0001295
0001296
0001297
0001298
0001299
0001300
0001301
0001302
0001303
0001304
0001305
0001306
0001307
0001308
0001309
0001310
0001311
0001312
0001313
0001314
0001315
0001316
0001317
0001318
0001319
0001320
0001321
0001322
0001323
0001324
0001325
0001326
0001327
0001328
0001329
0001330
0001331
0001332
0001333
0001334
0001335
0001336
0001337
0001338
0001339
0001340
0001341
0001342
0001343
0001344
0001345
0001346
0001347
0001348
0001349
0001350
0001351
0001352
0001353
0001354
0001355
0001356
0001357
0001358
0001359
0001360
0001361
0001362
0001363
0001364
0001365
0001366
0001367
0001368
0001369
0001370
0001371
0001372
0001373
0001374
0001375
0001376
0001377
0001378
0001379
0001380
0001381
0001382
0001383
0001384
0001385
0001386
0001387
0001388
0001389
0001390
0001391
0001392
0001393
0001394
0001395
0001396
0001397
0001398
0001399
0001400
0001401
0001402
0001403
0001404
0001405
0001406
0001407
0001408
0001409
0001410
0001411
0001412
0001413
0001414
0001415
0001416
0001417
0001418
0001419
0001420
0001421
0001422
0001423
0001424
0001425
0001426
0001427
0001428
0001429
0001430
0001431
0001432
0001433
0001434
0001435
0001436
0001437
0001438
0001439
0001440
0001441
0001442
0001443
0001444
0001445
0001446
0001447
0001448
0001449
0001450
0001451
0001452
0001453
0001454
0001455
0001456
0001457
0001458
0001459
0001460
0001461
0001462
0001463
0001464
0001465
0001466
0001467
0001468
0001469
0001470
0001471
0001472
0001473
0001474
0001475
0001476
0001477
0001478
0001479
0001480
0001481
0001482
0001483
0001484
0001485
0001486
0001487
0001488
0001489
0001490
0001491
0001492
0001493
0001494
0001495
0001496
0001497
0001498
0001499
0001500
0001501
0001502
0001503
0001504
0001505
0001506
0001507
0001508
0001509
0001510
0001511
0001512
0001513
0001514
0001515
0001516
0001517
0001518
0001519
0001520
0001521
0001522
0001523
0001524
0001525
0001526
0001527
0001528
0001529
0001530
0001531
0001532
0001533
0001534
0001535
0001536
0001537
0001538
0001539
0001540
0001541
0001542
0001543
0001544
0001545
0001546
0001547
0001548
0001549
0001550
0001551
0001552
0001553
0001554
0001555
0001556
0001557
0001558
0001559
0001560
0001561
0001562
0001563
0001564
0001565
0001566
0001567
0001568
0001569
0001570
0001571
0001572
0001573
0001574
0001575
0001576
0001577
0001578
0001579
0001580
0001581
0001582
0001583
0001584
0001585
0001586
0001587
0001588
0001589
0001590
0001591
0001592
0001593
0001594
0001595
0001596
0001597
0001598
0001599
0001600
0001601
0001602
0001603
0001604
0001605
0001606
0001607
0001608
0001609
0001610
0001611
0001612
0001613
0001614
0001615
0001616
0001617
0001618
0001619
0001620
0001621
0001622
0001623
0001624
0001625
0001626
0001627
0001628
0001629
0001630
0001631
0001632
0001633
0001634
0001635
0001636
0001637
0001638
0001639
0001640
0001641
0001642
0001643
0001644
0001645
0001646
0001647
0001648
0001649
0001650
0001651
0001652
0001653
0001654
0001655
0001656
0001657
0001658
0001659
0001660
0001661
0001662
0001663
0001664
0001665
0001666
0001667
0001668
0001669
0001670
0001671
0001672
0001673
0001674
0001675
0001676
0001677
0001678
0001679
0001680
0001681
0001682
0001683
0001684
0001685
0001686
0001687
0001688
0001689
0001690
0001691
0001692
0001693
0001694
0001695
0001696
0001697
0001698
0001699
0001700
0001701
0001702
0001703
0001704
0001705
0001706
0001707
0001708
0001709
0001710
0001711
0001712
0001713
0001714
0001715
0001716
0001717
0001718
0001719
0001720
0001721
0001722
0001723
0001724
0001725
0001726
0001727
0001728
0001729
0001730
0001731
0001732
0001733
0001734
0001735
0001736
0001737
0001738
0001739
0001740
0001741
0001742
0001743
0001744
0001745
0001746
0001747
0001748
0001749
0001750
0001751
0001752
0001753
0001754
0001755
0001756
0001757
0001758
0001759
0001760
0001761
0001762
0001763
0001764
0001765
0001766
0001767
0001768
0001769
0001770
0001771
0001772
0001773
0001774
0001775
0001776
0001777
0001778
0001779
0001780
0001781
0001782
0001783
0001784
0001785
0001786
0001787
0001788
0001789
0001790
0001791
0001792
0001793
0001794
0001795
0001796
0001797
0001798
0001799
0001800
0001801
0001802
0001803
0001804
0001805
0001806
0001807
0001808
0001809
0001810
0001811
0001812
0001813
0001814
0001815
0001816
0001817
0001818
0001819
0001820
0001821
0001822
0001823
0001824
0001825
0001826
0001827
0001828
0001829
0001830
0001831
0001832
0001833
0001834
0001835
0001836
0001837
0001838
0001839
0001840
0001841
0001842
0001843
0001844
0001845
0001846
0001847
0001848
0001849
0001850
0001851
0001852
0001853
0001854
0001855
0001856
0001857
0001858
0001859
0001860
0001861
0001862
0001863
0001864
0001865
0001866
0001867
0001868
0001869
0001870
0001871
0001872
0001873
0001874
0001875
0001876
0001877
0001878
0001879
0001880
0001881
0001882
0001883
0001884
0001885
0001886
0001887
0001888
0001889
0001890
0001891
0001892
0001893
0001894
0001895
0001896
0001897
0001898
0001899
0001900
0001901
0001902
0001903
0001904
0001905
0001906
0001907
0001908
0001909
0001910
0001911
0001912
0001913
0001914
0001915
0001916
0001917
0001918
0001919
0001920
0001921
0001922
0001923
0001924
0001925
0001926
0001927
0001928
0001929
0001930
0001931
0001932
0001933
0001934
0001935
0001936
0001937
0001938
0001939
0001940
0001941
0001942
0001943
0001944
0001945
0001946
0001947
0001948
0001949
0001950
0001951
0001952
0001953
0001954
0001955
0001956
0001957
0001958
0001959
0001960
0001961
0001962
0001963
0001964
0001965
0001966
0001967
0001968
0001969
0001970
0001971
0001972
0001973
0001974
0001975
0001976
0001977
0001978
0001979
0001980
0001981
0001982
0001983
0001984
0001985
0001986
0001987
0001988
0001989
0001990
0001991
0001992
0001993
0001994
0001995
0001996
0001997
0001998
0001999
0002000
0002001
0002002
0002003
0002004
0002005
0002006
0002007
0002008
0002009
0002010
0002011
0002012
0002013
0002014
0002015
0002016
0002017
0002018
0002019
0002020
0002021
0002022
0002023
0002024
0002025
0002026
0002027
0002028
0002029
0002030
0002031
0002032
0002033
0002034
0002035
0002036
0002037
0002038
0002039
0002040
0002041
0002042
0002043
0002044
0002045
0002046
0002047
0002048
0002049
0002050
0002051
0002052
0002053
0002054
0002055
0002056
0002057
0002058
0002059
0002060
0002061
0002062
0002063
0002064
0002065
0002066
0002067
0002068
0002069
0002070
0002071
0002072
0002073
0002074
0002075
0002076
0002077
0002078
0002079
0002080
0002081
0002082
0002083
0002084
0002085
0002086
0002087
0002088
0002089
0002090
0002091
0002092
0002093
0002094
0002095
0002096
0002097
0002098
0002099
0002100
0002101
0002102
0002103
0002104
0002105
0002106
0002107
0002108
0002109
0002110
0002111
0002112
0002113
0002114
0002115
0002116
0002117
0002118
0002119
0002120
0002121
0002122
0002123
0002124
0002125
0002126
0002127
0002128
0002129
0002130
0002131
0002132
0002133
0002134
0002135
0002136
0002137
0002138
0002139
0002140
0002141
0002142
0002143
0002144
0002145
0002146
0002147
0002148
0002149
0002150
0002151
0002152
0002153
0002154
0002155
0002156
0002157
0002158
0002159
0002160
0002161
0002162
0002163
0002164
0002165
0002166
0002167
0002168
0002169
0002170
0002171
0002172
0002173
0002174
0002175
0002176
0002177
0002178
0002179
0002180
0002181
0002182
0002183
0002184
0002185
0002186
0002187
0002188
0002189
0002190
0002191
0002192
0002193
0002194
0002195
0002196
0002197
0002198
0002199
0002200
0002201
0002202
0002203
0002204
0002205
0002206
0002207
0002208
0002209
0002210
0002211
0002212
0002213
0002214
0002215
0002216
0002217
0002218
0002219
0002220
0002221
0002222
0002223
0002224
0002225
0002226
0002227
0002228
0002229
0002230
0002231
0002232
0002233
0002234
0002235
0002236
0002237
0002238
0002239
0002240
0002241
0002242
0002243
0002244
0002245
0002246
0002247
0002248
0002249
0002250
0002251
0002252
0002253
0002254
0002255
0002256
0002257
0002258
0002259
0002260
0002261
0002262
0002263
0002264
0002265
0002266
0002267
0002268
0002269
0002270
0002271
0002272
0002273
0002274
0002275
0002276
0002277
0002278
0002279
0002280
0002281
0002282
0002283
0002284
0002285
0002286
0002287
0002288
0002289
0002290
0002291
0002292
0002293
0002294
0002295
0002296
0002297
0002298
0002299
0002300
0002301
0002302
0002303
0002304
0002305
0002306
0002307
0002308
0002309
0002310
0002311
0002312
0002313
0002314
0002315
0002316
0002317
0002318
0002319
0002320
0002321
0002322
0002323
0002324
0002325
0002326
0002327
0002328
0002329
0002330
0002331
0002332
0002333
0002334
0002335
0002336
0002337
0002338
0002339
0002340
0002341
0002342
0002343
0002344
0002345
0002346
0002347
0002348
0002349
0002350
0002351
0002352
0002353
0002354
0002355
0002356
0002357
0002358
0002359
0002360
0002361
0002362
0002363
0002364
0002365
0002366
0002367
0002368
0002369
0002370
0002371
0002372
0002373
0002374
0002375
0002376
0002377
0002378
0002379
0002380
0002381
0002382
0002383
0002384
0002385
0002386
0002387
0002388
0002389
0002390
0002391
0002392
0002393
0002394
0002395
0002396
0002397
0002398
0002399
0002400
0002401
0002402
0002403
0002404
0002405
0002406
0002407
0002408
0002409
0002410
0002411
0002412
0002413
0002414
0002415
0002416
0002417
0002418
0002419
0002420
0002421
0002422
0002423
0002424
0002425
0002426
0002427
0002428
0002429
0002430
0002431
0002432
0002433
0002434
0002435
0002436
0002437
0002438
0002439
0002440
0002441
0002442
0002443
0002444
0002445
0002446
0002447
0002448
0002449
0002450
0002451
0002452
0002453
0002454
0002455
0002456
0002457
0002458
0002459
0002460
0002461
0002462
0002463
0002464
0002465
0002466
0002467
0002468
0002469
0002470
0002471
0002472
0002473
0002474
0002475
0002476
0002477
0002478
0002479
0002480
0002481
0002482
0002483
0002484
0002485
0002486
0002487
0002488
0002489
0002490
0002491
0002492
0002493
0002494
0002495
0002496
0002497
0002498
0002499
0002500
0002501
0002502
0002503
0002504
0002505
0002506
0002507
0002508
0002509
0002510
0002511
0002512
0002513
0002514
0002515
0002516
0002517
0002518
0002519
0002520
0002521
0002522
0002523
0002524
0002525
0002526
0002527
0002528
0002529
0002530
0002531
0002532
0002533
0002534
0002535
0002536
0002537
0002538
0002539
0002540
0002541
0002542
0002543
0002544
0002545
0002546
0002547
0002548
0002549
0002550
0002551
0002552
0002553
0002554
0002555
0002556
0002557
0002558
0002559
0002560
0002561
0002562
0002563
0002564
0002565
0002566
0002567
0002568
0002569
0002570
0002571
0002572
0002573
0002574
0002575
0002576
0002577
0002578
0002579
0002580
0002581
0002582
0002583
0002584
0002585
0002586
0002587
0002588
0002589
0002590
0002591
0002592
0002593
0002594
0002595
0002596
0002597
0002598
0002599
0002600
0002601
0002602
0002603
0002604
0002605
0002606
0002607
0002608
0002609
0002610
0002611
0002612
0002613
0002614
0002615
0002616
0002617
0002618
0002619
0002620
0002621
0002622
0002623
0002624
0002625
0002626
0002627
0002628
0002629
0002630
0002631
0002632
0002633
0002634
0002635
0002636
0002637
0002638
0002639
0002640
0002641
0002642
0002643
0002644
0002645
0002646
0002647
0002648
0002649
0002650
0002651
0002652
0002653
0002654
0002655
0002656
0002657
0002658
0002659
0002660
0002661
0002662
0002663
0002664
0002665
0002666
0002667
0002668
0002669
0002670
0002671
0002672
0002673
0002674
0002675
0002676
0002677
0002678
0002679
0002680
0002681
0002682
0002683
0002684
0002685
0002686
0002687
0002688
0002689
0002690
0002691
0002692
0002693
0002694
0002695
0002696
0002697
0002698
0002699
0002700
0002701
0002702
0002703
0002704
0002705
0002706
0002707
0002708
0002709
0002710
0002711
0002712
0002713
0002714
0002715
0002716
0002717
0002718
0002719
0002720
0002721
0002722
0002723
0002724
0002725
0002726
0002727
0002728
0002729
0002730
0002731
0002732
0002733
0002734
0002735
0002736
0002737
0002738
0002739
0002740
0002741
0002742
0002743
0002744
0002745
0002746
0002747
0002748
0002749
0002750
0002751
0002752
0002753
0002754
0002755
0002756
0002757
0002758
0002759
0002760
0002761
0002762
0002763
0002764
0002765
0002766
0002767
0002768
0002769
0002770
0002771
0002772
0002773
0002774
0002775
0002776
0002777
0002778
0002779
0002780
0002781
0002782
0002783
0002784
0002785
0002786
0002787
0002788
0002789
0002790
0002791
0002792
0002793
0002794
0002795
0002796
0002797
0002798
0002799
0002800
0002801
0002802
0002803
0002804
0002805
0002806
0002807
0002808
0002809
0002810
0002811
0002812
0002813
0002814
0002815
0002816
0002817
0002818
0002819
0002820
0002821
0002822
0002823
0002824
0002825
0002826
0002827
0002828
0002829
0002830
0002831
0002832
0002833
0002834
0002835
0002836
0002837
0002838
0002839
0002840
0002841
0002842
0002843
0002844
0002845
0002846
0002847
0002848
0002849
0002850
0002851
0002852
0002853
0002854
0002855
0002856
0002857
0002858
0002859
0002860
0002861
0002862
0002863
0002864
0002865
0002866
0002867
0002868
0002869
0002870
0002871
0002872
0002873
0002874
0002875
0002876
0002877
0002878
0002879
0002880
0002881
0002882
0002883
0002884
0002885
0002886
0002887
0002888
0002889
0002890
0002891
0002892
0002893
0002894
0002895
0002896
0002897
0002898
0002899
0002900
0002901
0002902
0002903
0002904
0002905
0002906
0002907
0002908
0002909
0002910
0002911
0002912
0002913
0002914
0002915
0002916
0002917
0002918
0002919
0002920
0002921
0002922
0002923
0002924
0002925
0002926
0002927
0002928
0002929
0002930
0002931
0002932
0002933
0002934
0002935
0002936
0002937
0002938
0002939
0002940
0002941
0002942
0002943
0002944
0002945
0002946
0002947
0002948
0002949
0002950
0002951
0002952
0002953
0002954
0002955
0002956
0002957
0002958
0002959
0002960
0002961
0002962
0002963
0002964
0002965
0002966
0002967
0002968
0002969
0002970
0002971
0002972
0002973
0002974
0002975
0002976
0002977
0002978
0002979
0002980
0002981
0002982
0002983
0002984
0002985
0002986
0002987
0002988
0002989
0002990
0002991
0002992
0002993
0002994
0002995
0002996
0002997
0002998
0002999
0003000
0003001
0003002
0003003
0003004
0003005
0003006
0003007
0003008
0003009
0003010
0003011
0003012
0003013
0003014
0003015
0003016
0003017
0003018
0003019
0003020
0003021
0003022
0003023
0003024
0003025
0003026
0003027
0003028
0003029
0003030
0003031
0003032
0003033
0003034
0003035
0003036
0003037
0003038
0003039
0003040
0003041
0003042
0003043
0003044
0003045
0003046
0003047
0003048
0003049
0003050
0003051
0003052
0003053
0003054
0003055
0003056
0003057
0003058
0003059
0003060
0003061
0003062
0003063
0003064
0003065
0003066
0003067
0003068
0003069
0003070
0003071
0003072
0003073
0003074
0003075
0003076
0003077
0003078
0003079
0003080
0003081
0003082
0003083
0003084
0003085
0003086
0003087
0003088
0003089
0003090
0003091
0003092
0003093
0003094
0003095
0003096
0003097
0003098
0003099
0003100
0003101
0003102
0003103
0003104
0003105
0003106
0003107
0003108
0003109
0003110
0003111
0003112
0003113
0003114
0003115
0003116
0003117
0003118
0003119
0003120
0003121
0003122
0003123
0003124
0003125
0003126
0003127
0003128
0003129
0003130
0003131
0003132
0003133
0003134
0003135
0003136
0003137
0003138
0003139
0003140
0003141
0003142
0003143
0003144
0003145
0003146
0003147
0003148
0003149
0003150
0003151
0003152
0003153
0003154
0003155
0003156
0003157
0003158
0003159
0003160
0003161
0003162
0003163
0003164
0003165
0003166
0003167
0003168
0003169
0003170
0003171
0003172
0003173
0003174
0003175
0003176
0003177
0003178
0003179
0003180
0003181
0003182
0003183
0003184
0003185
0003186
0003187
0003188
0003189
0003190
0003191
0003192
0003193
0003194
0003195
0003196
0003197
0003198
0003199
0003200
0003201
0003202
0003203
0003204
0003205
0003206
0003207
0003208
0003209
0003210
0003211
0003212
0003213
0003214
0003215
0003216
0003217
0003218
0003219
0003220
0003221
0003222
0003223
0003224
0003225
0003226
0003227
0003228
0003229
0003230
0003231
0003232
0003233
0003234
0003235
0003236
0003237
0003238
0003239
0003240
0003241
0003242
0003243
0003244
0003245
0003246
0003247
0003248
0003249
0003250
0003251
0003252
0003253
0003254
0003255
0003256
0003257
0003258
0003259
0003260
0003261
0003262
0003263
0003264
0003265
0003266
0003267
0003268
0003269
0003270
0003271
0003272
0003273
0003274
0003275
0003276
0003277
0003278
0003279
0003280
0003281
0003282
0003283
0003284
0003285
0003286
0003287
0003288
0003289
0003290
0003291
0003292
0003293
0003294
0003295
0003296
0003297
0003298
0003299
0003300
0003301
0003302
0003303
0003304
0003305
0003306
0003307
0003308
0003309
0003310
0003311
0003312
0003313
0003314
0003315
0003316
0003317
0003318
0003319
0003320
0003321
0003322
0003323
0003324
0003325
0003326
0003327
0003328
0003329
0003330
0003331
0003332
0003333
0003334
0003335
0003336
0003337
0003338
0003339
0003340
0003341
0003342
0003343
0003344
0003345
0003346
0003347
0003348
0003349
0003350
0003351
0003352
0003353
0003354
0003355
0003356
0003357
0003358
0003359
0003360
0003361
0003362
0003363
0003364
0003365
0003366
0003367
0003368
0003369
0003370
0003371
0003372
0003373
0003374
0003375
0003376
0003377
0003378
0003379
0003380
0003381
0003382
0003383
0003384
0003385
0003386
0003387
0003388
0003389
0003390
0003391
0003392
0003393
0003394
0003395
0003396
0003397
0003398
0003399
0003400
0003401
0003402
0003403
0003404
0003405
0003406
0003407
0003408
0003409
0003410
0003411
0003412
0003413
0003414
0003415
0003416
0003417
0003418
0003419
0003420
0003421
0003422
0003423
0003424
0003425
0003426
0003427
0003428
0003429
0003430
0003431
0003432
0003433
0003434
0003435
0003436
0003437
0003438
0003439
0003440
0003441
0003442
0003443
0003444
0003445
0003446
0003447
0003448
0003449
0003450
0003451
0003452
0003453
0003454
0003455
0003456
0003457
0003458
0003459
0003460
0003461
0003462
0003463
0003464
0003465
0003466
0003467
0003468
0003469
0003470
0003471
0003472
0003473
0003474
0003475
0003476
0003477
0003478
0003479
0003480
0003481
0003482
0003483
0003484
0003485
0003486
0003487
0003488
0003489
0003490
0003491
0003492
0003493
0003494
0003495
0003496
0003497
0003498
0003499
0003500
0003501
0003502
0003503
0003504
0003505
0003506
0003507
0003508
0003509
0003510
0003511
0003512
0003513
0003514
0003515
0003516
0003517
0003518
0003519
0003520
0003521
0003522
0003523
0003524
0003525
0003526
0003527
0003528
0003529
0003530
0003531
0003532
0003533
0003534
0003535
0003536
0003537
0003538
0003539
0003540
0003541
0003542
0003543
0003544
0003545
0003546
0003547
0003548
0003549
0003550
0003551
0003552
0003553
0003554
0003555
0003556
0003557
0003558
0003559
0003560
0003561
0003562
0003563
0003564
0003565
0003566
0003567
0003568
0003569
0003570
0003571
0003572
0003573
0003574
0003575
0003576
0003577
0003578
0003579
0003580
0003581
0003582
0003583
0003584
0003585
0003586
0003587
0003588
0003589
0003590
0003591
0003592
0003593
0003594
0003595
0003596
0003597
0003598
0003599
0003600
0003601
0003602
0003603
0003604
0003605
0003606
0003607
0003608
0003609
0003610
0003611
0003612
0003613
0003614
0003615
0003616
0003617
0003618
0003619
0003620
0003621
0003622
0003623
0003624
0003625
0003626
0003627
0003628
0003629
0003630
0003631
0003632
0003633
0003634
0003635
0003636
0003637
0003638
0003639
0003640
0003641
0003642
0003643
0003644
0003645
0003646
0003647
0003648
0003649
0003650
0003651
0003652
0003653
0003654
0003655
0003656
0003657
0003658
0003659
0003660
0003661
0003662
0003663
0003664
0003665
0003666
0003667
0003668
0003669
0003670
0003671
0003672
0003673
0003674
0003675
0003676
0003677
0003678
0003679
0003680
0003681
0003682
0003683
0003684
0003685
0003686
0003687
0003688
0003689
0003690
0003691
0003692
0003693
0003694
0003695
0003696
0003697
0003698
0003699
0003700
0003701
0003702
0003703
0003704
0003705
0003706
0003707
0003708
0003709
0003710
0003711
0003712
0003713
0003714
0003715
0003716
0003717
0003718
0003719
0003720
0003721
0003722
0003723
0003724
0003725
0003726
0003727
0003728
0003729
0003730
0003731
0003732
0003733
0003734
0003735
0003736
0003737
0003738
0003739
0003740
0003741
0003742
0003743
0003744
0003745
0003746
0003747
0003748
0003749
0003750
0003751
0003752
0003753
0003754
0003755
0003756
0003757
0003758
0003759
0003760
0003761
0003762
0003763
0003764
0003765
0003766
0003767
0003768
0003769
0003770
0003771
0003772
0003773
0003774
0003775
0003776
0003777
0003778
0003779
0003780
0003781
0003782
0003783
0003784
0003785
0003786
0003787
0003788
0003789
0003790
0003791
0003792
0003793
0003794
0003795
0003796
0003797
0003798
0003799
0003800
0003801
0003802
0003803
0003804
0003805
0003806
0003807
0003808
0003809
0003810
0003811
0003812
0003813
0003814
0003815
0003816
0003817
0003818
0003819
0003820
0003821
0003822
0003823
0003824
0003825
0003826
0003827
0003828
0003829
0003830
0003831
0003832
0003833
0003834
0003835
0003836
0003837
0003838
0003839
0003840
0003841
0003842
0003843
0003844
0003845
0003846
0003847
0003848
0003849
0003850
0003851
0003852
0003853
0003854
0003855
0003856
0003857
0003858
0003859
0003860
0003861
0003862
0003863
0003864
0003865
0003866
0003867
0003868
0003869
0003870
0003871
0003872
0003873
0003874
0003875
0003876
0003877
0003878
0003879
0003880
0003881
0003882
0003883
0003884
0003885
0003886
0003887
0003888
0003889
0003890
0003891
0003892
0003893
0003894
0003895
0003896
0003897
0003898
0003899
0003900
0003901
0003902
0003903
0003904
0003905
0003906
0003907
0003908
0003909
0003910
0003911
0003912
0003913
0003914
0003915
0003916
0003917
0003918
0003919
0003920
0003921
0003922
0003923
0003924
0003925
0003926
0003927
0003928
0003929
0003930
0003931
0003932
0003933
0003934
0003935
0003936
0003937
0003938
0003939
0003940
0003941
0003942
0003943
0003944
0003945
0003946
0003947
0003948
0003949
0003950
0003951
0003952
0003953
0003954
0003955
0003956
0003957
0003958
0003959
0003960
0003961
0003962
0003963
0003964
0003965
0003966
0003967
0003968
0003969
0003970
0003971
0003972
0003973
0003974
0003975
0003976
0003977
0003978
0003979
0003980
0003981
0003982
0003983
0003984
0003985
0003986
0003987
0003988
0003989
0003990
0003991
0003992
0003993
0003994
0003995
0003996
0003997
0003998
0003999
0004000
0004001
0004002
0004003
0004004
0004005
0004006
0004007
0004008
0004009
0004010
0004011
0004012
0004013
0004014
0004015
0004016
0004017
0004018
0004019
0004020
0004021
0004022
0004023
0004024
0004025
0004026
0004027
0004028
0004029
0004030
0004031
0004032
0004033
0004034
0004035
0004036
0004037
0004038
0004039
0004040
0004041
0004042
0004043
0004044
0004045
0004046
0004047
0004048
0004049
0004050
0004051
0004052
0004053
0004054
0004055
0004056
0004057
0004058
0004059
0004060
0004061
0004062
0004063
0004064
0004065
0004066
0004067
0004068
0004069
0004070
0004071
0004072
0004073
0004074
0004075
0004076
0004077
0004078
0004079
0004080
0004081
0004082
0004083
0004084
0004085
0004086
0004087
0004088
0004089
0004090
0004091
0004092
0004093
0004094
0004095
0004096
0004097
0004098
0004099
0004100
0004101
0004102
0004103
0004104
0004105
0004106
0004107
0004108
0004109
0004110
0004111
0004112
0004113
0004114
0004115
0004116
0004117
0004118
0004119
0004120
0004121
0004122
0004123
0004124
0004125
0004126
0004127
0004128
0004129
0004130
0004131
0004132
0004133
0004134
0004135
0004136
0004137
0004138
0004139
0004140
0004141
0004142
0004143
0004144
0004145
0004146
0004147
0004148
0004149
0004150
0004151
0004152
0004153
0004154
0004155
0004156
0004157
0004158
0004159
0004160
0004161
0004162
0004163
0004164
0004165
0004166
0004167
0004168
0004169
0004170
0004171
0004172
0004173
0004174
0004175
0004176
0004177
0004178
0004179
0004180
0004181
0004182
0004183
0004184
0004185
0004186
0004187
0004188
0004189
0004190
0004191
0004192
0004193
0004194
0004195
0004196
0004197
0004198
0004199
0004200
0004201
0004202
0004203
0004204
0004205
0004206
0004207
0004208
0004209
0004210
0004211
0004212
0004213
0004214
0004215
0004216
0004217
0004218
0004219
0004220
0004221
0004222
0004223
0004224
0004225
0004226
0004227
0004228
0004229
0004230
0004231
0004232
0004233
0004234
0004235
0004236
0004237
0004238
0004239
0004240
0004241
0004242
0004243
0004244
0004245
0004246
0004247
0004248
0004249
0004250
0004251
0004252
0004253
0004254
0004255
0004256
0004257
0004258
0004259
0004260
0004261
0004262
0004263
0004264
0004265
0004266
0004267
0004268
0004269
0004270
0004271
0004272
0004273
0004274
0004275
0004276
0004277
0004278
0004279
0004280
0004281
0004282
0004283
0004284
0004285
0004286
0004287
0004288
0004289
0004290
0004291
0004292
0004293
0004294
0004295
0004296
0004297
0004298
0004299
0004300
0004301
0004302
0004303
0004304
0004305
0004306
0004307
0004308
0004309
0004310
0004311
0004312
0004313
0004314
0004315
0004316
0004317
0004318
0004319
0004320
0004321
0004322
0004323
0004324
0004325
0004326
0004327
0004328
0004329
0004330
0004331
0004332
0004333
0004334
0004335
0004336
0004337
0004338
0004339
0004340
0004341
0004342
0004343
0004344
0004345
0004346
0004347
0004348
0004349
0004350
0004351
0004352
0004353
0004354
0004355
0004356
0004357
0004358
0004359
0004360
0004361
0004362
0004363
0004364
0004365
0004366
0004367
0004368
0004369
0004370
0004371
0004372
0004373
0004374
0004375
0004376
0004377
0004378
0004379
0004380
0004381
0004382
0004383
0004384
0004385
0004386
0004387
0004388
0004389
0004390
0004391
0004392
0004393
0004394
0004395
0004396
0004397
0004398
0004399
0004400
0004401
0004402
0004403
0004404
0004405
0004406
0004407
0004408
0004409
0004410
0004411
0004412
0004413
0004414
0004415
0004416
0004417
0004418
0004419
0004420
0004421
0004422
0004423
0004424
0004425
0004426
0004427
0004428
0004429
0004430
0004431
0004432
0004433
0004434
0004435
0004436
0004437
0004438
0004439
0004440
0004441
0004442
0004443
0004444
0004445
0004446
0004447
0004448
0004449
0004450
0004451
0004452
0004453
0004454
0004455
0004456
0004457
0004458
0004459
0004460
0004461
0004462
0004463
0004464
0004465
0004466
0004467
0004468
0004469
0004470
0004471
0004472
0004473
0004474
0004475
0004476
0004477
0004478
0004479
0004480
0004481
0004482
0004483
0004484
0004485
0004486
0004487
0004488
0004489
0004490
0004491
0004492
0004493
0004494
0004495
0004496
0004497
0004498
0004499
0004500
0004501
0004502
0004503
0004504
0004505
0004506
0004507
0004508
0004509
0004510
0004511
0004512
0004513
0004514
0004515
0004516
0004517
0004518
0004519
0004520
0004521
0004522
0004523
0004524
0004525
0004526
0004527
0004528
0004529
0004530
0004531
0004532
0004533
0004534
0004535
0004536
0004537
0004538
0004539
0004540
0004541
0004542
0004543
0004544
0004545
0004546
0004547
0004548
0004549
0004550
0004551
0004552
0004553
0004554
0004555
0004556
0004557
0004558
0004559
0004560
0004561
0004562
0004563
0004564
0004565
0004566
0004567
0004568
0004569
0004570
0004571
0004572
0004573
0004574
0004575
0004576
0004577
0004578
0004579
0004580
0004581
0004582
0004583
0004584
0004585
0004586
0004587
0004588
0004589
0004590
0004591
0004592
0004593
0004594
0004595
0004596
0004597
0004598
0004599
0004600
0004601
0004602
0004603
0004604
0004605
0004606
0004607
0004608
0004609
0004610
0004611
0004612
0004613
0004614
0004615
0004616
0004617
0004618
0004619
0004620
0004621
0004622
0004623
0004624
0004625
0004626
0004627
0004628
0004629
0004630
0004631
0004632
0004633
0004634
0004635
0004636
0004637
0004638
0004639
0004640
0004641
0004642
0004643
0004644
0004645
0004646
0004647
0004648
0004649
0004650
0004651
0004652
0004653
0004654
0004655
0004656
0004657
0004658
0004659
0004660
0004661
0004662
0004663
0004664
0004665
0004666
0004667
0004668
0004669
0004670
0004671
0004672
0004673
0004674
0004675
0004676
0004677
0004678
0004679
0004680
0004681
0004682
0004683
0004684
0004685
0004686
0004687
0004688
0004689
0004690
0004691
0004692
0004693
0004694
0004695
0004696
0004697
0004698
0004699
0004700
0004701
0004702
0004703
0004704
0004705
0004706
